CRITICAL - 2023-06-11 00:13:37 --> Undefined constant "uploads"
in APPPATH\Views\contactos\index.php on line 38.
 1 SYSTEMPATH\View\View.php(213): include()
 2 SYSTEMPATH\View\View.php(216): CodeIgniter\View\View->CodeIgniter\View\{closure}()
 3 SYSTEMPATH\Common.php(1184): CodeIgniter\View\View->render('contactos/index', [], true)
 4 APPPATH\Controllers\Contactos.php(22): view('contactos/index', [...])
 5 SYSTEMPATH\CodeIgniter.php(934): App\Controllers\Contactos->index()
 6 SYSTEMPATH\CodeIgniter.php(499): CodeIgniter\CodeIgniter->runController(Object(App\Controllers\Contactos))
 7 SYSTEMPATH\CodeIgniter.php(368): CodeIgniter\CodeIgniter->handleRequest(null, Object(Config\Cache), false)
 8 FCPATH\index.php(67): CodeIgniter\CodeIgniter->run()
CRITICAL - 2023-06-11 00:13:38 --> Undefined constant "uploads"
in APPPATH\Views\contactos\index.php on line 38.
 1 SYSTEMPATH\View\View.php(213): include()
 2 SYSTEMPATH\View\View.php(216): CodeIgniter\View\View->CodeIgniter\View\{closure}()
 3 SYSTEMPATH\Common.php(1184): CodeIgniter\View\View->render('contactos/index', [], true)
 4 APPPATH\Controllers\Contactos.php(22): view('contactos/index', [...])
 5 SYSTEMPATH\CodeIgniter.php(934): App\Controllers\Contactos->index()
 6 SYSTEMPATH\CodeIgniter.php(499): CodeIgniter\CodeIgniter->runController(Object(App\Controllers\Contactos))
 7 SYSTEMPATH\CodeIgniter.php(368): CodeIgniter\CodeIgniter->handleRequest(null, Object(Config\Cache), false)
 8 FCPATH\index.php(67): CodeIgniter\CodeIgniter->run()
CRITICAL - 2023-06-11 00:23:07 --> syntax error, unexpected single-quoted string "/uploads/"
in APPPATH\Views\contactos\index.php on line 38.
 1 SYSTEMPATH\View\View.php(216): CodeIgniter\View\View->CodeIgniter\View\{closure}()
 2 SYSTEMPATH\Common.php(1184): CodeIgniter\View\View->render('contactos/index', [], true)
 3 APPPATH\Controllers\Contactos.php(22): view('contactos/index', [...])
 4 SYSTEMPATH\CodeIgniter.php(934): App\Controllers\Contactos->index()
 5 SYSTEMPATH\CodeIgniter.php(499): CodeIgniter\CodeIgniter->runController(Object(App\Controllers\Contactos))
 6 SYSTEMPATH\CodeIgniter.php(368): CodeIgniter\CodeIgniter->handleRequest(null, Object(Config\Cache), false)
 7 FCPATH\index.php(67): CodeIgniter\CodeIgniter->run()
CRITICAL - 2023-06-11 00:29:28 --> Unsupported operand types: string + string
in APPPATH\Controllers\Contactos.php on line 23.
 1 SYSTEMPATH\CodeIgniter.php(934): App\Controllers\Contactos->index()
 2 SYSTEMPATH\CodeIgniter.php(499): CodeIgniter\CodeIgniter->runController(Object(App\Controllers\Contactos))
 3 SYSTEMPATH\CodeIgniter.php(368): CodeIgniter\CodeIgniter->handleRequest(null, Object(Config\Cache), false)
 4 FCPATH\index.php(67): CodeIgniter\CodeIgniter->run()
CRITICAL - 2023-06-11 00:37:48 --> Undefined constant "urlPath"
in APPPATH\Views\contactos\index.php on line 49.
 1 SYSTEMPATH\View\View.php(213): include()
 2 SYSTEMPATH\View\View.php(216): CodeIgniter\View\View->CodeIgniter\View\{closure}()
 3 SYSTEMPATH\Common.php(1184): CodeIgniter\View\View->render('contactos/index', [], true)
 4 APPPATH\Controllers\Contactos.php(25): view('contactos/index', [...])
 5 SYSTEMPATH\CodeIgniter.php(934): App\Controllers\Contactos->index()
 6 SYSTEMPATH\CodeIgniter.php(499): CodeIgniter\CodeIgniter->runController(Object(App\Controllers\Contactos))
 7 SYSTEMPATH\CodeIgniter.php(368): CodeIgniter\CodeIgniter->handleRequest(null, Object(Config\Cache), false)
 8 FCPATH\index.php(67): CodeIgniter\CodeIgniter->run()
CRITICAL - 2023-06-11 00:44:58 --> Undefined variable $model
in APPPATH\Controllers\Contactos.php on line 158.
 1 APPPATH\Controllers\Contactos.php(158): CodeIgniter\Debug\Exceptions->errorHandler(2, 'Undefined variable $model', 'C:\\xampp\\htdocs\\biblioteca\\app\\Controllers\\Contactos.php', 158)
 2 SYSTEMPATH\CodeIgniter.php(934): App\Controllers\Contactos->actualizar('23')
 3 SYSTEMPATH\CodeIgniter.php(499): CodeIgniter\CodeIgniter->runController(Object(App\Controllers\Contactos))
 4 SYSTEMPATH\CodeIgniter.php(368): CodeIgniter\CodeIgniter->handleRequest(null, Object(Config\Cache), false)
 5 FCPATH\index.php(67): CodeIgniter\CodeIgniter->run()
CRITICAL - 2023-06-11 00:46:11 --> Undefined variable $data
in APPPATH\Controllers\Contactos.php on line 160.
 1 APPPATH\Controllers\Contactos.php(160): CodeIgniter\Debug\Exceptions->errorHandler(2, 'Undefined variable $data', 'C:\\xampp\\htdocs\\biblioteca\\app\\Controllers\\Contactos.php', 160)
 2 SYSTEMPATH\CodeIgniter.php(934): App\Controllers\Contactos->actualizar('23')
 3 SYSTEMPATH\CodeIgniter.php(499): CodeIgniter\CodeIgniter->runController(Object(App\Controllers\Contactos))
 4 SYSTEMPATH\CodeIgniter.php(368): CodeIgniter\CodeIgniter->handleRequest(null, Object(Config\Cache), false)
 5 FCPATH\index.php(67): CodeIgniter\CodeIgniter->run()
CRITICAL - 2023-06-11 03:03:42 --> syntax error, unexpected single-quoted string "valid_email", expecting "]"
in APPPATH\Language\en\Validation.php on line 8.
 1 SYSTEMPATH\Language\Language.php(223): CodeIgniter\Language\Language->requireFile('Language/en/Validation.php')
 2 SYSTEMPATH\Language\Language.php(164): CodeIgniter\Language\Language->load('Validation', 'en')
 3 SYSTEMPATH\Language\Language.php(99): CodeIgniter\Language\Language->parseLine('max_length', 'en')
 4 SYSTEMPATH\Common.php(773): CodeIgniter\Language\Language->getLine('Validation.max_length', [])
 5 SYSTEMPATH\Validation\Validation.php(809): lang('Validation.max_length')
 6 SYSTEMPATH\Validation\Validation.php(347): CodeIgniter\Validation\Validation->getErrorMessage('max_length', 'telefono', 'telefono', '10', '1234567890989877', null)
 7 SYSTEMPATH\Validation\Validation.php(179): CodeIgniter\Validation\Validation->processRules('telefono', 'telefono', '1234567890989877', [...], [...])
 8 SYSTEMPATH\Controller.php(140): CodeIgniter\Validation\Validation->run()
 9 APPPATH\Controllers\Contactos.php(53): CodeIgniter\Controller->validate([...])
10 SYSTEMPATH\CodeIgniter.php(934): App\Controllers\Contactos->guardar()
11 SYSTEMPATH\CodeIgniter.php(499): CodeIgniter\CodeIgniter->runController(Object(App\Controllers\Contactos))
12 SYSTEMPATH\CodeIgniter.php(368): CodeIgniter\CodeIgniter->handleRequest(null, Object(Config\Cache), false)
13 FCPATH\index.php(67): CodeIgniter\CodeIgniter->run()
ERROR - 2023-06-11 21:35:59 --> Error connecting to the database: mysqli_sql_exception: No se puede establecer una conexión ya que el equipo de destino denegó expresamente dicha conexión in C:\xampp\htdocs\biblioteca\system\Database\MySQLi\Connection.php:173
Stack trace:
#0 C:\xampp\htdocs\biblioteca\system\Database\MySQLi\Connection.php(173): mysqli->real_connect('localhost', 'root', Object(SensitiveParameterValue), 'contactos', 3306, '', 0)
#1 C:\xampp\htdocs\biblioteca\system\Database\BaseConnection.php(391): CodeIgniter\Database\MySQLi\Connection->connect(false)
#2 C:\xampp\htdocs\biblioteca\system\Database\BaseConnection.php(574): CodeIgniter\Database\BaseConnection->initialize()
#3 C:\xampp\htdocs\biblioteca\system\Database\BaseBuilder.php(1616): CodeIgniter\Database\BaseConnection->query('SELECT *\nFROM `...', Array, false)
#4 C:\xampp\htdocs\biblioteca\system\Model.php(241): CodeIgniter\Database\BaseBuilder->get()
#5 C:\xampp\htdocs\biblioteca\system\BaseModel.php(618): CodeIgniter\Model->doFindAll(0, 0)
#6 C:\xampp\htdocs\biblioteca\app\Controllers\Contactos.php(19): CodeIgniter\BaseModel->findAll()
#7 C:\xampp\htdocs\biblioteca\system\CodeIgniter.php(934): App\Controllers\Contactos->index()
#8 C:\xampp\htdocs\biblioteca\system\CodeIgniter.php(499): CodeIgniter\CodeIgniter->runController(Object(App\Controllers\Contactos))
#9 C:\xampp\htdocs\biblioteca\system\CodeIgniter.php(368): CodeIgniter\CodeIgniter->handleRequest(NULL, Object(Config\Cache), false)
#10 C:\xampp\htdocs\biblioteca\public\index.php(67): CodeIgniter\CodeIgniter->run()
#11 C:\xampp\htdocs\biblioteca\system\Commands\Server\rewrite.php(47): require_once('C:\\xampp\\htdocs...')
#12 {main}

Next CodeIgniter\Database\Exceptions\DatabaseException: No se puede establecer una conexión ya que el equipo de destino denegó expresamente dicha conexión in C:\xampp\htdocs\biblioteca\system\Database\MySQLi\Connection.php:218
Stack trace:
#0 C:\xampp\htdocs\biblioteca\system\Database\BaseConnection.php(391): CodeIgniter\Database\MySQLi\Connection->connect(false)
#1 C:\xampp\htdocs\biblioteca\system\Database\BaseConnection.php(574): CodeIgniter\Database\BaseConnection->initialize()
#2 C:\xampp\htdocs\biblioteca\system\Database\BaseBuilder.php(1616): CodeIgniter\Database\BaseConnection->query('SELECT *\nFROM `...', Array, false)
#3 C:\xampp\htdocs\biblioteca\system\Model.php(241): CodeIgniter\Database\BaseBuilder->get()
#4 C:\xampp\htdocs\biblioteca\system\BaseModel.php(618): CodeIgniter\Model->doFindAll(0, 0)
#5 C:\xampp\htdocs\biblioteca\app\Controllers\Contactos.php(19): CodeIgniter\BaseModel->findAll()
#6 C:\xampp\htdocs\biblioteca\system\CodeIgniter.php(934): App\Controllers\Contactos->index()
#7 C:\xampp\htdocs\biblioteca\system\CodeIgniter.php(499): CodeIgniter\CodeIgniter->runController(Object(App\Controllers\Contactos))
#8 C:\xampp\htdocs\biblioteca\system\CodeIgniter.php(368): CodeIgniter\CodeIgniter->handleRequest(NULL, Object(Config\Cache), false)
#9 C:\xampp\htdocs\biblioteca\public\index.php(67): CodeIgniter\CodeIgniter->run()
#10 C:\xampp\htdocs\biblioteca\system\Commands\Server\rewrite.php(47): require_once('C:\\xampp\\htdocs...')
#11 {main}
CRITICAL - 2023-06-11 21:35:59 --> Unable to connect to the database.
Main connection [MySQLi]: No se puede establecer una conexión ya que el equipo de destino denegó expresamente dicha conexión
in SYSTEMPATH\Database\BaseConnection.php on line 427.
 1 SYSTEMPATH\Database\BaseConnection.php(574): CodeIgniter\Database\BaseConnection->initialize()
 2 SYSTEMPATH\Database\BaseBuilder.php(1616): CodeIgniter\Database\BaseConnection->query('SELECT *
FROM `contactos`
ORDER BY `id` ASC', [], false)
 3 SYSTEMPATH\Model.php(241): CodeIgniter\Database\BaseBuilder->get()
 4 SYSTEMPATH\BaseModel.php(618): CodeIgniter\Model->doFindAll(0, 0)
 5 APPPATH\Controllers\Contactos.php(19): CodeIgniter\BaseModel->findAll()
 6 SYSTEMPATH\CodeIgniter.php(934): App\Controllers\Contactos->index()
 7 SYSTEMPATH\CodeIgniter.php(499): CodeIgniter\CodeIgniter->runController(Object(App\Controllers\Contactos))
 8 SYSTEMPATH\CodeIgniter.php(368): CodeIgniter\CodeIgniter->handleRequest(null, Object(Config\Cache), false)
 9 FCPATH\index.php(67): CodeIgniter\CodeIgniter->run()
10 SYSTEMPATH\Commands\Server\rewrite.php(47): require_once('C:\\xampp\\htdocs\\biblioteca\\public\\index.php')
ERROR - 2023-06-11 21:36:19 --> Error connecting to the database: mysqli_sql_exception: Unknown database 'contactos' in C:\xampp\htdocs\biblioteca\system\Database\MySQLi\Connection.php:173
Stack trace:
#0 C:\xampp\htdocs\biblioteca\system\Database\MySQLi\Connection.php(173): mysqli->real_connect('localhost', 'root', Object(SensitiveParameterValue), 'contactos', 3306, '', 0)
#1 C:\xampp\htdocs\biblioteca\system\Database\BaseConnection.php(391): CodeIgniter\Database\MySQLi\Connection->connect(false)
#2 C:\xampp\htdocs\biblioteca\system\Database\BaseConnection.php(574): CodeIgniter\Database\BaseConnection->initialize()
#3 C:\xampp\htdocs\biblioteca\system\Database\BaseBuilder.php(1616): CodeIgniter\Database\BaseConnection->query('SELECT *\nFROM `...', Array, false)
#4 C:\xampp\htdocs\biblioteca\system\Model.php(241): CodeIgniter\Database\BaseBuilder->get()
#5 C:\xampp\htdocs\biblioteca\system\BaseModel.php(618): CodeIgniter\Model->doFindAll(0, 0)
#6 C:\xampp\htdocs\biblioteca\app\Controllers\Contactos.php(19): CodeIgniter\BaseModel->findAll()
#7 C:\xampp\htdocs\biblioteca\system\CodeIgniter.php(934): App\Controllers\Contactos->index()
#8 C:\xampp\htdocs\biblioteca\system\CodeIgniter.php(499): CodeIgniter\CodeIgniter->runController(Object(App\Controllers\Contactos))
#9 C:\xampp\htdocs\biblioteca\system\CodeIgniter.php(368): CodeIgniter\CodeIgniter->handleRequest(NULL, Object(Config\Cache), false)
#10 C:\xampp\htdocs\biblioteca\public\index.php(67): CodeIgniter\CodeIgniter->run()
#11 C:\xampp\htdocs\biblioteca\system\Commands\Server\rewrite.php(47): require_once('C:\\xampp\\htdocs...')
#12 {main}

Next CodeIgniter\Database\Exceptions\DatabaseException: Unknown database 'contactos' in C:\xampp\htdocs\biblioteca\system\Database\MySQLi\Connection.php:218
Stack trace:
#0 C:\xampp\htdocs\biblioteca\system\Database\BaseConnection.php(391): CodeIgniter\Database\MySQLi\Connection->connect(false)
#1 C:\xampp\htdocs\biblioteca\system\Database\BaseConnection.php(574): CodeIgniter\Database\BaseConnection->initialize()
#2 C:\xampp\htdocs\biblioteca\system\Database\BaseBuilder.php(1616): CodeIgniter\Database\BaseConnection->query('SELECT *\nFROM `...', Array, false)
#3 C:\xampp\htdocs\biblioteca\system\Model.php(241): CodeIgniter\Database\BaseBuilder->get()
#4 C:\xampp\htdocs\biblioteca\system\BaseModel.php(618): CodeIgniter\Model->doFindAll(0, 0)
#5 C:\xampp\htdocs\biblioteca\app\Controllers\Contactos.php(19): CodeIgniter\BaseModel->findAll()
#6 C:\xampp\htdocs\biblioteca\system\CodeIgniter.php(934): App\Controllers\Contactos->index()
#7 C:\xampp\htdocs\biblioteca\system\CodeIgniter.php(499): CodeIgniter\CodeIgniter->runController(Object(App\Controllers\Contactos))
#8 C:\xampp\htdocs\biblioteca\system\CodeIgniter.php(368): CodeIgniter\CodeIgniter->handleRequest(NULL, Object(Config\Cache), false)
#9 C:\xampp\htdocs\biblioteca\public\index.php(67): CodeIgniter\CodeIgniter->run()
#10 C:\xampp\htdocs\biblioteca\system\Commands\Server\rewrite.php(47): require_once('C:\\xampp\\htdocs...')
#11 {main}
CRITICAL - 2023-06-11 21:36:19 --> Unable to connect to the database.
Main connection [MySQLi]: Unknown database 'contactos'
in SYSTEMPATH\Database\BaseConnection.php on line 427.
 1 SYSTEMPATH\Database\BaseConnection.php(574): CodeIgniter\Database\BaseConnection->initialize()
 2 SYSTEMPATH\Database\BaseBuilder.php(1616): CodeIgniter\Database\BaseConnection->query('SELECT *
FROM `contactos`
ORDER BY `id` ASC', [], false)
 3 SYSTEMPATH\Model.php(241): CodeIgniter\Database\BaseBuilder->get()
 4 SYSTEMPATH\BaseModel.php(618): CodeIgniter\Model->doFindAll(0, 0)
 5 APPPATH\Controllers\Contactos.php(19): CodeIgniter\BaseModel->findAll()
 6 SYSTEMPATH\CodeIgniter.php(934): App\Controllers\Contactos->index()
 7 SYSTEMPATH\CodeIgniter.php(499): CodeIgniter\CodeIgniter->runController(Object(App\Controllers\Contactos))
 8 SYSTEMPATH\CodeIgniter.php(368): CodeIgniter\CodeIgniter->handleRequest(null, Object(Config\Cache), false)
 9 FCPATH\index.php(67): CodeIgniter\CodeIgniter->run()
10 SYSTEMPATH\Commands\Server\rewrite.php(47): require_once('C:\\xampp\\htdocs\\biblioteca\\public\\index.php')
CRITICAL - 2023-06-11 23:18:38 --> Undefined constant "Config\routes"
in APPPATH\Config\Routes.php on line 47.
 1 SYSTEMPATH\Router\RouteCollection.php(267): require()
 2 SYSTEMPATH\CodeIgniter.php(802): CodeIgniter\Router\RouteCollection->loadRoutes()
 3 SYSTEMPATH\CodeIgniter.php(449): CodeIgniter\CodeIgniter->tryToRouteIt(null)
 4 SYSTEMPATH\CodeIgniter.php(368): CodeIgniter\CodeIgniter->handleRequest(null, Object(Config\Cache), false)
 5 FCPATH\index.php(67): CodeIgniter\CodeIgniter->run()
 6 SYSTEMPATH\Commands\Server\rewrite.php(47): require_once('C:\\xampp\\htdocs\\biblioteca\\public\\index.php')
CRITICAL - 2023-06-11 23:19:59 --> Undefined constant "Config\routes"
in APPPATH\Config\Routes.php on line 47.
 1 SYSTEMPATH\Router\RouteCollection.php(267): require()
 2 SYSTEMPATH\CodeIgniter.php(802): CodeIgniter\Router\RouteCollection->loadRoutes()
 3 SYSTEMPATH\CodeIgniter.php(449): CodeIgniter\CodeIgniter->tryToRouteIt(null)
 4 SYSTEMPATH\CodeIgniter.php(368): CodeIgniter\CodeIgniter->handleRequest(null, Object(Config\Cache), false)
 5 FCPATH\index.php(67): CodeIgniter\CodeIgniter->run()
 6 SYSTEMPATH\Commands\Server\rewrite.php(47): require_once('C:\\xampp\\htdocs\\biblioteca\\public\\index.php')
CRITICAL - 2023-06-11 23:21:52 --> Undefined constant "Config\routes"
in APPPATH\Config\Routes.php on line 47.
 1 SYSTEMPATH\Router\RouteCollection.php(267): require()
 2 SYSTEMPATH\CodeIgniter.php(802): CodeIgniter\Router\RouteCollection->loadRoutes()
 3 SYSTEMPATH\CodeIgniter.php(449): CodeIgniter\CodeIgniter->tryToRouteIt(null)
 4 SYSTEMPATH\CodeIgniter.php(368): CodeIgniter\CodeIgniter->handleRequest(null, Object(Config\Cache), false)
 5 FCPATH\index.php(67): CodeIgniter\CodeIgniter->run()
 6 SYSTEMPATH\Commands\Server\rewrite.php(47): require_once('C:\\xampp\\htdocs\\biblioteca\\public\\index.php')
CRITICAL - 2023-06-11 23:22:42 --> Undefined variable $message
in APPPATH\Views\errors\html\error_404.php on line 77.
 1 APPPATH\Views\errors\html\error_404.php(77): CodeIgniter\Debug\Exceptions->errorHandler(2, 'Undefined variable $message', 'C:\\xampp\\htdocs\\biblioteca\\app\\Views\\errors\\html\\error_404.php', 77)
 2 SYSTEMPATH\View\View.php(213): include('C:\\xampp\\htdocs\\biblioteca\\app\\Views\\errors\\html\\error_404.php')
 3 SYSTEMPATH\View\View.php(216): CodeIgniter\View\View->CodeIgniter\View\{closure}()
 4 SYSTEMPATH\Common.php(1184): CodeIgniter\View\View->render('errors/html/error_404', [], true)
 5 APPPATH\Config\Routes.php(21): view('errors/html/error_404')
 6 SYSTEMPATH\CodeIgniter.php(954): CodeIgniter\Router\RouteCollection->Config\{closure}('Controller or its method is not found: \\App\\Controller\\API\\Contactos::index')
 7 SYSTEMPATH\CodeIgniter.php(387): CodeIgniter\CodeIgniter->display404errors(Object(CodeIgniter\Exceptions\PageNotFoundException))
 8 FCPATH\index.php(67): CodeIgniter\CodeIgniter->run()
 9 SYSTEMPATH\Commands\Server\rewrite.php(47): require_once('C:\\xampp\\htdocs\\biblioteca\\public\\index.php')
CRITICAL - 2023-06-11 23:22:59 --> Undefined variable $message
in APPPATH\Views\errors\html\error_404.php on line 77.
 1 APPPATH\Views\errors\html\error_404.php(77): CodeIgniter\Debug\Exceptions->errorHandler(2, 'Undefined variable $message', 'C:\\xampp\\htdocs\\biblioteca\\app\\Views\\errors\\html\\error_404.php', 77)
 2 SYSTEMPATH\View\View.php(213): include('C:\\xampp\\htdocs\\biblioteca\\app\\Views\\errors\\html\\error_404.php')
 3 SYSTEMPATH\View\View.php(216): CodeIgniter\View\View->CodeIgniter\View\{closure}()
 4 SYSTEMPATH\Common.php(1184): CodeIgniter\View\View->render('errors/html/error_404', [], true)
 5 APPPATH\Config\Routes.php(21): view('errors/html/error_404')
 6 SYSTEMPATH\CodeIgniter.php(954): CodeIgniter\Router\RouteCollection->Config\{closure}('Can\'t find a route for \'get: api/ccontactos\'.')
 7 SYSTEMPATH\CodeIgniter.php(387): CodeIgniter\CodeIgniter->display404errors(Object(CodeIgniter\Exceptions\PageNotFoundException))
 8 FCPATH\index.php(67): CodeIgniter\CodeIgniter->run()
 9 SYSTEMPATH\Commands\Server\rewrite.php(47): require_once('C:\\xampp\\htdocs\\biblioteca\\public\\index.php')
CRITICAL - 2023-06-11 23:29:23 --> Undefined variable $message
in APPPATH\Views\errors\html\error_404.php on line 77.
 1 APPPATH\Views\errors\html\error_404.php(77): CodeIgniter\Debug\Exceptions->errorHandler(2, 'Undefined variable $message', 'C:\\xampp\\htdocs\\biblioteca\\app\\Views\\errors\\html\\error_404.php', 77)
 2 SYSTEMPATH\View\View.php(213): include('C:\\xampp\\htdocs\\biblioteca\\app\\Views\\errors\\html\\error_404.php')
 3 SYSTEMPATH\View\View.php(216): CodeIgniter\View\View->CodeIgniter\View\{closure}()
 4 SYSTEMPATH\Common.php(1184): CodeIgniter\View\View->render('errors/html/error_404', [], true)
 5 APPPATH\Config\Routes.php(21): view('errors/html/error_404')
 6 SYSTEMPATH\CodeIgniter.php(954): CodeIgniter\Router\RouteCollection->Config\{closure}('Controller or its method is not found: \\App\\Controller\\API\\Contactos::index')
 7 SYSTEMPATH\CodeIgniter.php(387): CodeIgniter\CodeIgniter->display404errors(Object(CodeIgniter\Exceptions\PageNotFoundException))
 8 FCPATH\index.php(67): CodeIgniter\CodeIgniter->run()
 9 SYSTEMPATH\Commands\Server\rewrite.php(47): require_once('C:\\xampp\\htdocs\\biblioteca\\public\\index.php')
CRITICAL - 2023-06-11 23:29:44 --> Undefined variable $message
in APPPATH\Views\errors\html\error_404.php on line 77.
 1 APPPATH\Views\errors\html\error_404.php(77): CodeIgniter\Debug\Exceptions->errorHandler(2, 'Undefined variable $message', 'C:\\xampp\\htdocs\\biblioteca\\app\\Views\\errors\\html\\error_404.php', 77)
 2 SYSTEMPATH\View\View.php(213): include('C:\\xampp\\htdocs\\biblioteca\\app\\Views\\errors\\html\\error_404.php')
 3 SYSTEMPATH\View\View.php(216): CodeIgniter\View\View->CodeIgniter\View\{closure}()
 4 SYSTEMPATH\Common.php(1184): CodeIgniter\View\View->render('errors/html/error_404', [], true)
 5 APPPATH\Config\Routes.php(21): view('errors/html/error_404')
 6 SYSTEMPATH\CodeIgniter.php(954): CodeIgniter\Router\RouteCollection->Config\{closure}('Can\'t find a route for \'get: api/ccontactos\'.')
 7 SYSTEMPATH\CodeIgniter.php(387): CodeIgniter\CodeIgniter->display404errors(Object(CodeIgniter\Exceptions\PageNotFoundException))
 8 FCPATH\index.php(67): CodeIgniter\CodeIgniter->run()
 9 SYSTEMPATH\Commands\Server\rewrite.php(47): require_once('C:\\xampp\\htdocs\\biblioteca\\public\\index.php')
WARNING - 2023-06-11 23:40:19 --> [DEPRECATED] Creation of dynamic property App\Controllers\API\Contactos::$validation is deprecated in APPPATH\Controllers\API\Contactos.php on line 16.
 1 SYSTEMPATH\CodeIgniter.php(906): App\Controllers\API\Contactos->__construct()
 2 SYSTEMPATH\CodeIgniter.php(490): CodeIgniter\CodeIgniter->createController()
 3 SYSTEMPATH\CodeIgniter.php(368): CodeIgniter\CodeIgniter->handleRequest(null, Object(Config\Cache), false)
 4 FCPATH\index.php(67): CodeIgniter\CodeIgniter->run()
 5 SYSTEMPATH\Commands\Server\rewrite.php(47): require_once('C:\\xampp\\htdocs\\biblioteca\\public\\index.php')
